

Generating started at 2024-03-22_15-13-20
Generated 1/10
{
    "text": " <b>Italie, jmenovitě severní, má od dob Karla IV. s Čechami styky a v době, kdy archa chuděnická vznikla, působil v Praze a v bratrstvu malířském Vlach Romanus z Florencie.</b> ",
    "annotator_topics": [
        "mezistátní vztahy",
        "malířske bratstvo"
    ],
    "generated_topics": [
        "Italsko-české vztahy",
        "Archa chuděnická",
        "Vlach Romanus z Florencie"
    ]
}
Generated 2/10
{
    "text": " <b>Chce-li poznačiti nástroj, ukazuje na domnělý předmět jak se v ruce drží. Tak na př. ukazuje spůsob, jak se drží nůžky, nůž, lžíce, péro, píla, sekera, nebozez a t. d. a jaké pohyby s těmito nástroji se provádějí.</b> ",
    "annotator_topics": [
        "nakládání s nástroji",
        "pohyby s nástroji"
    ],
    "generated_topics": [
        "nakládání s nástroji",
        "demonstrace držení nástrojů",
        "provádění pohybů nástroji"
    ]
}
Generated 3/10
{
    "text": " <b>Při sázení některých složitějších prací je nezbytno, aby si sazeč ujasnil celkový dojem hotového tiskopisu a vzájemnou působivost jednotlivých ploch a dekorativních podrobností, čehož nejlépe lze dosíci zběžným náčrtkem, jakýmsi plánem, podporujícím sazečovu představivost, a mnozí akcidenčníci si i provedení obyčejného insertu zběžně načrtnou před započetím sazby nebo po obsazení hlavních řádek.</b> ",
    "annotator_topics": [
        "typografie",
        "grafický design",
        "sazba textu",
        "příprava textu"
    ],
    "generated_topics": [
        "Proces sazby tiskopisu",
        "Využití náčrtků",
        "Dekorativní prvky sazby"
    ]
}
Generated 4/10
{
    "text": " <b>Začali večeřeti, ale nedali tomu mnoho. Mísy byly odnášeny skoro netknuty. Paní Jadwiga pobízela k jídlu — leč každý se vymlouval.</b> ",
    "annotator_topics": [
        "jedení",
        "večeření"
    ],
    "generated_topics": [
        "večeře",
        "nedotčené mísy",
        "vymlouvání se"
    ]
}
Generated 5/10
{
    "text": " <b>Letha od narození Syna božího tisíczeho pětistého dvadczateho šestého tu neděli po S. Ondřeji stala se jest smluva mezi Váczlawem Hasíkem strany jedné a mezi Jakubem, synem Ondřejovým vinařem strany druhé taková, že Jakub již psaný má slúžiti z řemesla mistru Váczlavovi Hasíkovi z řemesla v leth pořád zběhlých a kdy by ta letha dobyl] tehdy mistr Váczlav má jemu sukni kupiti, košili a kabát nohavicze.</b> ",
    "annotator_topics": [
        "uzavírání smlouv",
        "pracovní smlouva"
    ],
    "generated_topics": [
        "smlouva o službě",
        "řemeslnické učení",
        "oděvní odměna"
    ]
}
Generated 6/10
{
    "text": " <b>Zovou se též raci, jsou pokryty štítem na hrudihlavě a mají oči na pohyblivých násadcích. Dělí se na 3 čeledě: 1.</b> ",
    "annotator_topics": [
        "biologie",
        "anatomie raků"
    ],
    "generated_topics": [
        "rakové",
        "anatomie raků",
        "členění raků"
    ]
}
Generated 7/10
{
    "text": " <b>Při vychovávání mládeže a ve školách je cvičení těla tak podstatné a potřebné, jako cvičení ducha. U dítěte jest vyvinutí těla přednější, nežli vyvinutí ducha.</b> ",
    "annotator_topics": [
        "fyzické cvičení těla",
        "cvičení duch",
        "výchova mládeže"
    ],
    "generated_topics": [
        "výchova mládeže",
        "cvičení těla",
        "duchovní vývoj"
    ]
}
Generated 8/10
{
    "text": " <b>V záchvatu vděčnosti Eduard Poppe ho objal a políbil. Laube ho doprovodil ke dveřím, potom v kanceláři sám, nepřipustiv k tomu vrátného, pomohl mu obléci kožich a potom, když Eduard Poppe odešel a zmizel na ulici, rychle přistoupil ke Krüdlichovi. — Zítra ráno, pošle-li sem Eduard Poppe někoho, nebudu doma, slyšíte? — A přijde-li sám? — To je lhostejné.</b> ",
    "annotator_topics": [
        "homoerotické vztahy"
    ],
    "generated_topics": [
        "vztahy mezi postavami",
        "Eduard Poppe odchází",
        "Laubeho pokyny vrátnému"
    ]
}
Generated 9/10
{
    "text": " <b>Kdy, nelze zjistiti, snad v bouřích husitských; aspoň v r. 1452. připomíná se jako zřícenina. Držitely panství byli později páni z Pernštýna — kteří asi přenesli sídlo s nepřístupného temene skalního do útulného údolí v Jimramově, vystavivše tam pěkný zámek, — později páni z Náchoda a konečně od 18. století hrabata z Belcredi.</b> ",
    "annotator_topics": [
        "historická událost",
        "vývoj panství",
        "šlechtické rody"
    ],
    "generated_topics": [
        "historie panství",
        "páni z Pernštýna",
        "hrabata z Belcredi",
        "zřícenina zámku",
        "výstavba v Jimramově"
    ]
}
Generated 10/10
{
    "text": " <b>Ale až poslední nádeník, kterýkoli člověk bez zaměstnání, každá kuchařka, zničený sedlák uvidí — nikoli z novin, ale na vlastní oči — že se proletářská vláda nekoří před bohatstvím, ale pomáhá chudině, že se tato vláda nezastavuje před revolučními kroky, že odbírá nadbytečné plodiny u darmojedů a dává je hladovým, že usídluje mocí nebydlící do bytů boháčů, že nutí platit bohaté za mléko, ale nedává jim ni jediné kapky mléka, pokud jím nejsou zásobeny v dostatečné míře děti všech chu-</b> ",
    "annotator_topics": [
        "proletářska revoluce",
        "marxizmus",
        "komunizmus",
        "vykořisťování",
        "revoluce"
    ],
    "generated_topics": [
        "proletářská vláda",
        "boj proti chudobě",
        "revoluční kroky",
        "redistribuce bohatství",
        "zajištění základních potřeb"
    ]
}
Evaluation results:
totalni vysledek
